[2023-12-09 11:16:56,066] : INFO : main : Welcome to the Pistachio Classification ML Pipeline]
[2023-12-09 11:16:56,067] : INFO : main : Data Ingestion stared]
[2023-12-09 11:16:56,068] : INFO : common : yaml file config.yaml read sucessfully]
[2023-12-09 11:16:56,071] : INFO : common : yaml file params.yaml read sucessfully]
[2023-12-09 11:16:56,072] : INFO : common : Created directory artifacts suceessfully]
[2023-12-09 11:16:57,361] : INFO : s01_data_ingestion : Sucessfully downloaded the dataset from kaggle API]
[2023-12-09 11:16:57,362] : INFO : main : Data Ingestion Ended]
[2023-12-09 11:16:57,362] : INFO : main : Data Preprocessing and Model Training stared]
[2023-12-09 11:16:57,365] : INFO : common : yaml file config.yaml read sucessfully]
[2023-12-09 11:16:57,371] : INFO : common : yaml file params.yaml read sucessfully]
[2023-12-09 11:16:58,402] : INFO : s02_data_preprocessing_component :  Data Reading successfull]
[2023-12-09 11:16:58,403] : INFO : s02_data_preprocessing_component : OneHot encoding of the categorical feature begins]
[2023-12-09 11:16:58,407] : INFO : s02_data_preprocessing_component : successfully on-hot encoded the categorical features]
[2023-12-09 11:16:58,407] : INFO : s02_data_preprocessing_component : train-test split started]
[2023-12-09 11:16:58,433] : INFO : s02_data_preprocessing_component : train-test successfully completed]
[2023-12-09 11:16:58,443] : INFO : common : Created directory artifacts/training suceessfully]
[2023-12-09 11:16:58,444] : INFO : s03_model_training : Loaded the sklearn model (SVC) sucessfully]
[2023-12-09 11:16:58,444] : INFO : s03_model_training : Training SVC model started]
[2023-12-09 11:17:17,042] : INFO : s03_model_training : Training SVC Completed]
[2023-12-09 11:17:17,044] : INFO : s03_model_training : trained model saved to artifacts/training]
[2023-12-09 11:17:17,044] : INFO : s03_model_training : Loaded the sklearn model (LogisticRegression) sucessfully]
[2023-12-09 11:17:17,045] : INFO : s03_model_training : Training LogisticRegression model started]
[2023-12-09 11:17:17,237] : INFO : s03_model_training : Training LogisticRegression Completed]
[2023-12-09 11:17:17,239] : INFO : s03_model_training : trained model saved to artifacts/training]
[2023-12-09 11:17:17,239] : INFO : s03_model_training : Loaded the sklearn model (RandomForestClassifier) sucessfully]
[2023-12-09 11:17:17,240] : INFO : s03_model_training : Training RandomForestClassifier model started]
[2023-12-09 11:18:17,729] : INFO : s03_model_training : Training RandomForestClassifier Completed]
[2023-12-09 11:18:17,735] : INFO : s03_model_training : trained model saved to artifacts/training]
[2023-12-09 11:18:17,737] : INFO : main : Data Preprocessing and Model Training Ended]
